2020-07-20 19:07:56,748 [main-EventThread] WARN  com.baidu.disconf.core.common.zookeeper.inner.ConnectionWatcher - zk Disconnected
2020-07-20 19:07:57,096 [main-EventThread] INFO  com.baidu.disconf.core.common.zookeeper.inner.ConnectionWatcher - zk Expired
2020-07-21 20:56:52,412 [main] INFO  com.baidu.disconf.client.config.ConfigMgr - --------------- LOAD CONFIG START ---------------
2020-07-21 20:56:52,495 [main] INFO  com.baidu.disconf.client.config.ConfigMgr - Finer print: DESKTOP-HDRJ2T7_0_dae5f432-de8f-46e7-974f-5b2d2f2181b6
2020-07-21 20:56:52,521 [main] INFO  com.baidu.disconf.core.common.utils.ClassLoaderUtil - classpath: D:\Java\workspace\MyDemo\disconf\target\classes
2020-07-21 20:56:52,571 [main] INFO  com.baidu.disconf.client.config.inner.DisInnerConfigHelper - SERVER disconf.conf_server_host: [192.168.1.6:8080]
2020-07-21 20:56:52,572 [main] INFO  com.baidu.disconf.client.config.inner.DisInnerConfigHelper - SERVER disconf.version: 1_0
2020-07-21 20:56:52,572 [main] INFO  com.baidu.disconf.client.config.inner.DisInnerConfigHelper - SERVER disconf.app: demo1
2020-07-21 20:56:52,572 [main] INFO  com.baidu.disconf.client.config.inner.DisInnerConfigHelper - SERVER disconf.env: rd
2020-07-21 20:56:52,572 [main] INFO  com.baidu.disconf.client.config.inner.DisInnerConfigHelper - SERVER disconf.enable.remote.conf: true
2020-07-21 20:56:52,572 [main] INFO  com.baidu.disconf.client.config.inner.DisInnerConfigHelper - SERVER disconf.debug: true
2020-07-21 20:56:52,572 [main] INFO  com.baidu.disconf.client.config.inner.DisInnerConfigHelper - SERVER disconf.user_define_download_dir: ./disconf/download
2020-07-21 20:56:52,572 [main] INFO  com.baidu.disconf.client.config.inner.DisInnerConfigHelper - SERVER disconf.ignore: []
2020-07-21 20:56:52,572 [main] INFO  com.baidu.disconf.client.config.ConfigMgr - --------------- LOAD CONFIG END ---------------
2020-07-21 20:56:52,572 [main] INFO  com.baidu.disconf.client.DisconfMgr - ******************************* DISCONF START FIRST SCAN *******************************
2020-07-21 20:56:52,745 [main] INFO  org.reflections.Reflections - Reflections took 42 ms to scan 1 urls, producing 18 keys and 59 values 
2020-07-21 20:56:53,273 [main] INFO  com.baidu.disconf.core.common.utils.http.HttpClientUtil - execute http request [null], status code [200]
2020-07-21 20:56:53,312 [main] INFO  com.baidu.disconf.core.common.utils.http.HttpClientUtil - execute http request [null], status code [200]
2020-07-21 20:56:56,327 [main-EventThread] INFO  com.baidu.disconf.core.common.zookeeper.inner.ConnectionWatcher - zk SyncConnected
2020-07-21 20:56:56,328 [main] INFO  com.baidu.disconf.core.common.zookeeper.inner.ConnectionWatcher - zookeeper: 192.168.1.6:2181,192.168.1.6:2182,192.168.1.6:2183 , connected.
2020-07-21 20:56:56,329 [main] INFO  com.baidu.disconf.core.common.zookeeper.ZookeeperMgr - zoo prefix: /disconf
2020-07-21 20:56:56,563 [main] INFO  com.baidu.disconf.core.common.utils.http.HttpClientUtil - execute http request [null], status code [200]
2020-07-21 20:56:56,580 [main] INFO  com.baidu.disconf.client.DisconfMgr - ******************************* DISCONF END FIRST SCAN *******************************
2020-07-21 20:56:56,983 [main] INFO  com.my.project.disconf.service.RedisService - Redis host:192.168.1.78  port:6379
2020-07-21 20:56:56,991 [main] INFO  com.baidu.disconf.client.DisconfMgr - ******************************* DISCONF START SECOND SCAN *******************************
2020-07-21 20:56:57,013 [main] INFO  com.baidu.disconf.client.DisconfMgr - Conf File Map: 
disconf-file:	redis.properties	
	DisconfCenterFile [
	keyMaps={redis.host=FileItemValue{value=192.168.1.78, field=private java.lang.String com.my.project.disconf.config.RedisConfig.host, setMethod=public void com.my.project.disconf.config.RedisConfig.setHost(java.lang.String)}, redis.port=FileItemValue{value=6379, field=private int com.my.project.disconf.config.RedisConfig.port, setMethod=public void com.my.project.disconf.config.RedisConfig.setPort(int)}}
	additionalKeyMaps={}
	cls=class com.my.project.disconf.config.RedisConfig
	remoteServerUrl=/api/config/file?version=1_0&app=demo1&env=rd&key=redis.properties&type=0]
disconf-file:	myserver.properties	
	DisconfCenterFile [
	keyMaps={}
	additionalKeyMaps={myserver.host=192.168.1.155, myhost=192.168.1.6}
	cls=null
	remoteServerUrl=/api/config/file?version=1_0&app=demo1&env=rd&key=myserver.properties&type=0]

2020-07-21 20:56:57,013 [main] INFO  com.baidu.disconf.client.DisconfMgr - Conf Item Map: 
disItem:	discount	
	DisconfCenterItem [
	value=77.0
	field=private static double com.my.project.disconf.config.Coefficients.discount
	remoteServerUrl=/api/config/item?version=1_0&app=demo1&env=rd&key=discount&type=1]

2020-07-21 20:56:57,013 [main] INFO  com.baidu.disconf.client.DisconfMgr - ******************************* DISCONF END *******************************
2020-07-21 20:56:57,019 [main] INFO  com.my.project.disconf.service.RedisService - Redis Config：
2020-07-21 20:56:57,020 [main] INFO  com.my.project.disconf.service.RedisService - Redis host:192.168.1.78  port:6379
2020-07-21 20:56:57,020 [main] INFO  com.my.project.disconf.Starter - XmlUnReload: 192.168.1.155
2020-07-21 20:56:57,020 [main] INFO  com.my.project.disconf.Starter - XmlUnReload: 192.168.1.155
2020-07-21 20:56:57,020 [main] INFO  com.my.project.disconf.Starter - XmlUnReload: 192.168.1.155
2020-07-21 20:56:57,020 [main] INFO  com.my.project.disconf.Starter - XmlUnReload: 192.168.1.155
2020-07-21 20:56:57,020 [main] INFO  com.my.project.disconf.Starter - XmlUnReload: 192.168.1.155
2020-07-21 20:56:57,020 [main] INFO  com.my.project.disconf.service.BaoBaoService - discount: 77.0
2020-07-21 20:56:57,020 [main] INFO  com.my.project.disconf.service.BaoBaoService - discount: 77.0
2020-07-21 20:56:57,020 [main] INFO  com.my.project.disconf.service.BaoBaoService - discount: 77.0
2020-07-21 20:56:57,020 [main] INFO  com.my.project.disconf.service.BaoBaoService - discount: 77.0
2020-07-21 20:56:57,020 [main] INFO  com.my.project.disconf.service.BaoBaoService - discount: 77.0
2020-07-21 20:56:57,030 [main] INFO  com.my.project.disconf.Starter - ByFile : redis.host : 192.168.1.78
2020-07-21 20:56:57,031 [main] INFO  com.my.project.disconf.Starter - ByFile : redis.port : 6379
2020-07-21 20:56:57,031 [main] INFO  com.my.project.disconf.Starter - ByFileItem: null
2020-07-21 20:56:57,031 [main] INFO  com.my.project.disconf.Starter - byItem: 77.0
2020-07-21 20:59:25,955 [main] INFO  com.baidu.disconf.client.config.ConfigMgr - --------------- LOAD CONFIG START ---------------
2020-07-21 20:59:26,013 [main] INFO  com.baidu.disconf.client.config.ConfigMgr - Finer print: DESKTOP-HDRJ2T7_0_54f9cadf-c6a8-4215-bc99-a918c712b93d
2020-07-21 20:59:26,015 [main] INFO  com.baidu.disconf.core.common.utils.ClassLoaderUtil - classpath: D:\Java\workspace\MyDemo\disconf\target\classes
2020-07-21 20:59:26,021 [main] INFO  com.baidu.disconf.client.config.inner.DisInnerConfigHelper - SERVER disconf.conf_server_host: [192.168.1.6:8080]
2020-07-21 20:59:26,021 [main] INFO  com.baidu.disconf.client.config.inner.DisInnerConfigHelper - SERVER disconf.version: 1_0
2020-07-21 20:59:26,021 [main] INFO  com.baidu.disconf.client.config.inner.DisInnerConfigHelper - SERVER disconf.app: demo1
2020-07-21 20:59:26,021 [main] INFO  com.baidu.disconf.client.config.inner.DisInnerConfigHelper - SERVER disconf.env: rd
2020-07-21 20:59:26,021 [main] INFO  com.baidu.disconf.client.config.inner.DisInnerConfigHelper - SERVER disconf.enable.remote.conf: true
2020-07-21 20:59:26,021 [main] INFO  com.baidu.disconf.client.config.inner.DisInnerConfigHelper - SERVER disconf.debug: true
2020-07-21 20:59:26,021 [main] INFO  com.baidu.disconf.client.config.inner.DisInnerConfigHelper - SERVER disconf.user_define_download_dir: ./disconf/download
2020-07-21 20:59:26,021 [main] INFO  com.baidu.disconf.client.config.inner.DisInnerConfigHelper - SERVER disconf.ignore: []
2020-07-21 20:59:26,021 [main] INFO  com.baidu.disconf.client.config.ConfigMgr - --------------- LOAD CONFIG END ---------------
2020-07-21 20:59:26,021 [main] INFO  com.baidu.disconf.client.DisconfMgr - ******************************* DISCONF START FIRST SCAN *******************************
2020-07-21 20:59:26,079 [main] INFO  org.reflections.Reflections - Reflections took 31 ms to scan 1 urls, producing 18 keys and 59 values 
2020-07-21 20:59:26,356 [main] INFO  com.baidu.disconf.core.common.utils.http.HttpClientUtil - execute http request [null], status code [200]
2020-07-21 20:59:26,387 [main] INFO  com.baidu.disconf.core.common.utils.http.HttpClientUtil - execute http request [null], status code [200]
2020-07-21 20:59:26,450 [main-EventThread] INFO  com.baidu.disconf.core.common.zookeeper.inner.ConnectionWatcher - zk SyncConnected
2020-07-21 20:59:26,450 [main] INFO  com.baidu.disconf.core.common.zookeeper.inner.ConnectionWatcher - zookeeper: 192.168.1.6:2181,192.168.1.6:2182,192.168.1.6:2183 , connected.
2020-07-21 20:59:26,450 [main] INFO  com.baidu.disconf.core.common.zookeeper.ZookeeperMgr - zoo prefix: /disconf
2020-07-21 20:59:26,543 [main] INFO  com.baidu.disconf.core.common.utils.http.HttpClientUtil - execute http request [null], status code [200]
2020-07-21 20:59:26,561 [main] INFO  com.baidu.disconf.client.DisconfMgr - ******************************* DISCONF END FIRST SCAN *******************************
2020-07-21 20:59:26,887 [main] INFO  com.my.project.disconf.service.RedisService - Redis host:192.168.1.78  port:6379
2020-07-21 20:59:26,894 [main] INFO  com.baidu.disconf.client.DisconfMgr - ******************************* DISCONF START SECOND SCAN *******************************
2020-07-21 20:59:26,896 [main] INFO  com.baidu.disconf.client.DisconfMgr - Conf File Map: 
disconf-file:	redis.properties	
	DisconfCenterFile [
	keyMaps={redis.host=FileItemValue{value=192.168.1.78, field=private java.lang.String com.my.project.disconf.config.RedisConfig.host, setMethod=public void com.my.project.disconf.config.RedisConfig.setHost(java.lang.String)}, redis.port=FileItemValue{value=6379, field=private int com.my.project.disconf.config.RedisConfig.port, setMethod=public void com.my.project.disconf.config.RedisConfig.setPort(int)}}
	additionalKeyMaps={}
	cls=class com.my.project.disconf.config.RedisConfig
	remoteServerUrl=/api/config/file?version=1_0&app=demo1&env=rd&key=redis.properties&type=0]
disconf-file:	myserver.properties	
	DisconfCenterFile [
	keyMaps={}
	additionalKeyMaps={myserver.host=192.168.1.155, myhost=192.168.1.6}
	cls=null
	remoteServerUrl=/api/config/file?version=1_0&app=demo1&env=rd&key=myserver.properties&type=0]

2020-07-21 20:59:26,896 [main] INFO  com.baidu.disconf.client.DisconfMgr - Conf Item Map: 
disItem:	discount	
	DisconfCenterItem [
	value=77.0
	field=private static double com.my.project.disconf.config.Coefficients.discount
	remoteServerUrl=/api/config/item?version=1_0&app=demo1&env=rd&key=discount&type=1]

2020-07-21 20:59:26,896 [main] INFO  com.baidu.disconf.client.DisconfMgr - ******************************* DISCONF END *******************************
2020-07-21 20:59:26,902 [main] INFO  com.my.project.disconf.service.RedisService - Redis Config：
2020-07-21 20:59:26,902 [main] INFO  com.my.project.disconf.service.RedisService - Redis host:192.168.1.78  port:6379
2020-07-21 20:59:26,902 [main] INFO  com.my.project.disconf.Starter - XmlUnReload: 192.168.1.155
2020-07-21 20:59:26,902 [main] INFO  com.my.project.disconf.service.BaoBaoService - discount: 77.0
2020-07-21 20:59:26,903 [main] INFO  com.my.project.disconf.Starter - ByFile : redis.host : 192.168.1.78
2020-07-21 20:59:26,903 [main] INFO  com.my.project.disconf.Starter - ByFile : redis.port : 6379
2020-07-21 20:59:26,904 [main] INFO  com.my.project.disconf.Starter - ByFileItem: null
2020-07-21 20:59:26,904 [main] INFO  com.my.project.disconf.Starter - byItem: 77.0
2020-07-21 21:00:16,231 [main] INFO  com.baidu.disconf.client.config.ConfigMgr - --------------- LOAD CONFIG START ---------------
2020-07-21 21:00:16,289 [main] INFO  com.baidu.disconf.client.config.ConfigMgr - Finer print: DESKTOP-HDRJ2T7_0_9af0c5d1-238e-43ec-930a-641df8185ede
2020-07-21 21:00:16,291 [main] INFO  com.baidu.disconf.core.common.utils.ClassLoaderUtil - classpath: D:\Java\workspace\MyDemo\disconf\target\classes
2020-07-21 21:00:16,296 [main] INFO  com.baidu.disconf.client.config.inner.DisInnerConfigHelper - SERVER disconf.conf_server_host: [192.168.1.6:8080]
2020-07-21 21:00:16,296 [main] INFO  com.baidu.disconf.client.config.inner.DisInnerConfigHelper - SERVER disconf.version: 1_0
2020-07-21 21:00:16,296 [main] INFO  com.baidu.disconf.client.config.inner.DisInnerConfigHelper - SERVER disconf.app: demo1
2020-07-21 21:00:16,296 [main] INFO  com.baidu.disconf.client.config.inner.DisInnerConfigHelper - SERVER disconf.env: rd
2020-07-21 21:00:16,296 [main] INFO  com.baidu.disconf.client.config.inner.DisInnerConfigHelper - SERVER disconf.enable.remote.conf: true
2020-07-21 21:00:16,296 [main] INFO  com.baidu.disconf.client.config.inner.DisInnerConfigHelper - SERVER disconf.debug: true
2020-07-21 21:00:16,296 [main] INFO  com.baidu.disconf.client.config.inner.DisInnerConfigHelper - SERVER disconf.user_define_download_dir: ./disconf/download
2020-07-21 21:00:16,297 [main] INFO  com.baidu.disconf.client.config.inner.DisInnerConfigHelper - SERVER disconf.ignore: []
2020-07-21 21:00:16,297 [main] INFO  com.baidu.disconf.client.config.ConfigMgr - --------------- LOAD CONFIG END ---------------
2020-07-21 21:00:16,297 [main] INFO  com.baidu.disconf.client.DisconfMgr - ******************************* DISCONF START FIRST SCAN *******************************
2020-07-21 21:00:16,358 [main] INFO  org.reflections.Reflections - Reflections took 33 ms to scan 1 urls, producing 18 keys and 59 values 
2020-07-21 21:00:16,632 [main] INFO  com.baidu.disconf.core.common.utils.http.HttpClientUtil - execute http request [null], status code [200]
2020-07-21 21:00:16,661 [main] INFO  com.baidu.disconf.core.common.utils.http.HttpClientUtil - execute http request [null], status code [200]
2020-07-21 21:00:19,228 [main-EventThread] INFO  com.baidu.disconf.core.common.zookeeper.inner.ConnectionWatcher - zk SyncConnected
2020-07-21 21:00:19,228 [main] INFO  com.baidu.disconf.core.common.zookeeper.inner.ConnectionWatcher - zookeeper: 192.168.1.6:2181,192.168.1.6:2182,192.168.1.6:2183 , connected.
2020-07-21 21:00:19,229 [main] INFO  com.baidu.disconf.core.common.zookeeper.ZookeeperMgr - zoo prefix: /disconf
2020-07-21 21:00:19,342 [main] INFO  com.baidu.disconf.core.common.utils.http.HttpClientUtil - execute http request [null], status code [200]
2020-07-21 21:00:19,359 [main] INFO  com.baidu.disconf.client.DisconfMgr - ******************************* DISCONF END FIRST SCAN *******************************
2020-07-21 21:00:19,441 [main] INFO  com.baidu.disconf.client.DisconfMgr - ******************************* DISCONF CLOSE *******************************
2020-07-21 21:01:25,094 [main] INFO  com.baidu.disconf.client.config.ConfigMgr - --------------- LOAD CONFIG START ---------------
2020-07-21 21:01:25,158 [main] INFO  com.baidu.disconf.client.config.ConfigMgr - Finer print: DESKTOP-HDRJ2T7_0_57ccd0bc-b93e-47c1-b69a-be388ffacdb0
2020-07-21 21:01:25,161 [main] INFO  com.baidu.disconf.core.common.utils.ClassLoaderUtil - classpath: D:\Java\workspace\MyDemo\disconf\target\classes
2020-07-21 21:01:25,166 [main] INFO  com.baidu.disconf.client.config.inner.DisInnerConfigHelper - SERVER disconf.conf_server_host: [192.168.1.6:8080]
2020-07-21 21:01:25,166 [main] INFO  com.baidu.disconf.client.config.inner.DisInnerConfigHelper - SERVER disconf.version: 1_0
2020-07-21 21:01:25,166 [main] INFO  com.baidu.disconf.client.config.inner.DisInnerConfigHelper - SERVER disconf.app: demo1
2020-07-21 21:01:25,166 [main] INFO  com.baidu.disconf.client.config.inner.DisInnerConfigHelper - SERVER disconf.env: rd
2020-07-21 21:01:25,166 [main] INFO  com.baidu.disconf.client.config.inner.DisInnerConfigHelper - SERVER disconf.enable.remote.conf: true
2020-07-21 21:01:25,166 [main] INFO  com.baidu.disconf.client.config.inner.DisInnerConfigHelper - SERVER disconf.debug: true
2020-07-21 21:01:25,166 [main] INFO  com.baidu.disconf.client.config.inner.DisInnerConfigHelper - SERVER disconf.user_define_download_dir: ./disconf/download
2020-07-21 21:01:25,166 [main] INFO  com.baidu.disconf.client.config.inner.DisInnerConfigHelper - SERVER disconf.ignore: []
2020-07-21 21:01:25,166 [main] INFO  com.baidu.disconf.client.config.ConfigMgr - --------------- LOAD CONFIG END ---------------
2020-07-21 21:01:25,166 [main] INFO  com.baidu.disconf.client.DisconfMgr - ******************************* DISCONF START FIRST SCAN *******************************
2020-07-21 21:01:25,227 [main] INFO  org.reflections.Reflections - Reflections took 33 ms to scan 1 urls, producing 18 keys and 59 values 
2020-07-21 21:01:25,507 [main] INFO  com.baidu.disconf.core.common.utils.http.HttpClientUtil - execute http request [null], status code [200]
2020-07-21 21:01:25,538 [main] INFO  com.baidu.disconf.core.common.utils.http.HttpClientUtil - execute http request [null], status code [200]
2020-07-21 21:01:25,602 [main-EventThread] INFO  com.baidu.disconf.core.common.zookeeper.inner.ConnectionWatcher - zk SyncConnected
2020-07-21 21:01:25,603 [main] INFO  com.baidu.disconf.core.common.zookeeper.inner.ConnectionWatcher - zookeeper: 192.168.1.6:2181,192.168.1.6:2182,192.168.1.6:2183 , connected.
2020-07-21 21:01:25,603 [main] INFO  com.baidu.disconf.core.common.zookeeper.ZookeeperMgr - zoo prefix: /disconf
2020-07-21 21:01:25,691 [main] INFO  com.baidu.disconf.core.common.utils.http.HttpClientUtil - execute http request [null], status code [200]
2020-07-21 21:01:25,709 [main] INFO  com.baidu.disconf.client.DisconfMgr - ******************************* DISCONF END FIRST SCAN *******************************
2020-07-21 21:01:26,042 [main] INFO  com.my.project.disconf.service.RedisService - Redis host:192.168.1.78  port:6379
2020-07-21 21:01:26,051 [main] INFO  com.baidu.disconf.client.DisconfMgr - ******************************* DISCONF START SECOND SCAN *******************************
2020-07-21 21:01:26,053 [main] INFO  com.baidu.disconf.client.DisconfMgr - Conf File Map: 
disconf-file:	redis.properties	
	DisconfCenterFile [
	keyMaps={redis.host=FileItemValue{value=192.168.1.78, field=private java.lang.String com.my.project.disconf.config.RedisConfig.host, setMethod=public void com.my.project.disconf.config.RedisConfig.setHost(java.lang.String)}, redis.port=FileItemValue{value=6379, field=private int com.my.project.disconf.config.RedisConfig.port, setMethod=public void com.my.project.disconf.config.RedisConfig.setPort(int)}}
	additionalKeyMaps={}
	cls=class com.my.project.disconf.config.RedisConfig
	remoteServerUrl=/api/config/file?version=1_0&app=demo1&env=rd&key=redis.properties&type=0]
disconf-file:	myserver.properties	
	DisconfCenterFile [
	keyMaps={}
	additionalKeyMaps={myserver.host=192.168.1.155, myhost=192.168.1.6}
	cls=null
	remoteServerUrl=/api/config/file?version=1_0&app=demo1&env=rd&key=myserver.properties&type=0]

2020-07-21 21:01:26,053 [main] INFO  com.baidu.disconf.client.DisconfMgr - Conf Item Map: 
disItem:	discount	
	DisconfCenterItem [
	value=77.0
	field=private static double com.my.project.disconf.config.Coefficients.discount
	remoteServerUrl=/api/config/item?version=1_0&app=demo1&env=rd&key=discount&type=1]

2020-07-21 21:01:26,053 [main] INFO  com.baidu.disconf.client.DisconfMgr - ******************************* DISCONF END *******************************
2020-07-21 21:01:26,058 [main] INFO  com.my.project.disconf.service.RedisService - Redis Config：
2020-07-21 21:01:26,059 [main] INFO  com.my.project.disconf.service.RedisService - Redis host:192.168.1.78  port:6379
2020-07-21 21:01:26,059 [main] INFO  com.my.project.disconf.Starter - XmlUnReload: ${myserver.host=100}
2020-07-21 21:01:26,059 [main] INFO  com.my.project.disconf.service.BaoBaoService - discount: 77.0
2020-07-21 21:01:26,060 [main] INFO  com.my.project.disconf.Starter - ByFile : redis.host : 192.168.1.78
2020-07-21 21:01:26,060 [main] INFO  com.my.project.disconf.Starter - ByFile : redis.port : 6379
2020-07-21 21:01:26,060 [main] INFO  com.my.project.disconf.Starter - ByFileItem: null
2020-07-21 21:01:26,060 [main] INFO  com.my.project.disconf.Starter - byItem: 77.0
2020-07-21 21:07:20,484 [main] INFO  com.baidu.disconf.client.config.ConfigMgr - --------------- LOAD CONFIG START ---------------
2020-07-21 21:07:20,552 [main] INFO  com.baidu.disconf.client.config.ConfigMgr - Finer print: DESKTOP-HDRJ2T7_0_5dc8b0b0-0362-4065-852d-fff48a90f9b2
2020-07-21 21:07:20,555 [main] INFO  com.baidu.disconf.core.common.utils.ClassLoaderUtil - classpath: D:\Java\workspace\MyDemo\disconf\target\classes
2020-07-21 21:07:20,567 [main] INFO  com.baidu.disconf.client.config.inner.DisInnerConfigHelper - SERVER disconf.conf_server_host: [192.168.1.6:8080]
2020-07-21 21:07:20,568 [main] INFO  com.baidu.disconf.client.config.inner.DisInnerConfigHelper - SERVER disconf.version: 1_0
2020-07-21 21:07:20,568 [main] INFO  com.baidu.disconf.client.config.inner.DisInnerConfigHelper - SERVER disconf.app: demo1
2020-07-21 21:07:20,568 [main] INFO  com.baidu.disconf.client.config.inner.DisInnerConfigHelper - SERVER disconf.env: rd
2020-07-21 21:07:20,568 [main] INFO  com.baidu.disconf.client.config.inner.DisInnerConfigHelper - SERVER disconf.enable.remote.conf: true
2020-07-21 21:07:20,569 [main] INFO  com.baidu.disconf.client.config.inner.DisInnerConfigHelper - SERVER disconf.debug: true
2020-07-21 21:07:20,569 [main] INFO  com.baidu.disconf.client.config.inner.DisInnerConfigHelper - SERVER disconf.user_define_download_dir: ./disconf/download
2020-07-21 21:07:20,569 [main] INFO  com.baidu.disconf.client.config.inner.DisInnerConfigHelper - SERVER disconf.ignore: []
2020-07-21 21:07:20,569 [main] INFO  com.baidu.disconf.client.config.ConfigMgr - --------------- LOAD CONFIG END ---------------
2020-07-21 21:07:20,569 [main] INFO  com.baidu.disconf.client.DisconfMgr - ******************************* DISCONF START FIRST SCAN *******************************
2020-07-21 21:07:20,706 [main] INFO  org.reflections.Reflections - Reflections took 66 ms to scan 1 urls, producing 18 keys and 59 values 
2020-07-21 21:07:21,414 [main] INFO  com.baidu.disconf.core.common.utils.http.HttpClientUtil - execute http request [null], status code [200]
2020-07-21 21:07:21,548 [main] INFO  com.baidu.disconf.core.common.utils.http.HttpClientUtil - execute http request [null], status code [200]
2020-07-21 21:07:21,639 [main-EventThread] INFO  com.baidu.disconf.core.common.zookeeper.inner.ConnectionWatcher - zk SyncConnected
2020-07-21 21:07:21,639 [main] INFO  com.baidu.disconf.core.common.zookeeper.inner.ConnectionWatcher - zookeeper: 192.168.1.6:2181,192.168.1.6:2182,192.168.1.6:2183 , connected.
2020-07-21 21:07:21,639 [main] INFO  com.baidu.disconf.core.common.zookeeper.ZookeeperMgr - zoo prefix: /disconf
2020-07-21 21:07:21,732 [main] INFO  com.baidu.disconf.core.common.utils.http.HttpClientUtil - execute http request [null], status code [200]
2020-07-21 21:07:21,759 [main] INFO  com.baidu.disconf.client.DisconfMgr - ******************************* DISCONF END FIRST SCAN *******************************
2020-07-21 21:07:21,989 [main] INFO  com.baidu.disconf.core.common.zookeeper.ZookeeperMgr - create: /disconf/demo1_1_0_rd/file/config.properties
2020-07-21 21:07:22,382 [main] INFO  com.my.project.disconf.service.RedisService - Redis host:192.168.1.78  port:6379
2020-07-21 21:07:22,403 [main] INFO  com.baidu.disconf.client.DisconfMgr - ******************************* DISCONF START SECOND SCAN *******************************
2020-07-21 21:07:22,406 [main] INFO  com.baidu.disconf.client.DisconfMgr - Conf File Map: 
disconf-file:	config.properties	
	DisconfCenterFile [
	keyMaps={}
	additionalKeyMaps={zk.host=192.168.1.6, zk.connect.string=${zk.host}:2181,${zk.host}:2182,${zk.host}:2183}
	cls=null
	remoteServerUrl=/api/config/file?version=1_0&app=demo1&env=rd&key=config.properties&type=0]
disconf-file:	redis.properties	
	DisconfCenterFile [
	keyMaps={redis.host=FileItemValue{value=192.168.1.78, field=private java.lang.String com.my.project.disconf.config.RedisConfig.host, setMethod=public void com.my.project.disconf.config.RedisConfig.setHost(java.lang.String)}, redis.port=FileItemValue{value=6379, field=private int com.my.project.disconf.config.RedisConfig.port, setMethod=public void com.my.project.disconf.config.RedisConfig.setPort(int)}}
	additionalKeyMaps={}
	cls=class com.my.project.disconf.config.RedisConfig
	remoteServerUrl=/api/config/file?version=1_0&app=demo1&env=rd&key=redis.properties&type=0]
disconf-file:	myserver.properties	
	DisconfCenterFile [
	keyMaps={}
	additionalKeyMaps={myserver.host=192.168.1.155, myhost=192.168.1.6}
	cls=null
	remoteServerUrl=/api/config/file?version=1_0&app=demo1&env=rd&key=myserver.properties&type=0]

2020-07-21 21:07:22,406 [main] INFO  com.baidu.disconf.client.DisconfMgr - Conf Item Map: 
disItem:	discount	
	DisconfCenterItem [
	value=77.0
	field=private static double com.my.project.disconf.config.Coefficients.discount
	remoteServerUrl=/api/config/item?version=1_0&app=demo1&env=rd&key=discount&type=1]

2020-07-21 21:07:22,410 [main] INFO  com.baidu.disconf.client.DisconfMgr - ******************************* DISCONF END *******************************
2020-07-21 21:07:24,432 [main] INFO  com.my.project.disconf.service.RedisService - Redis Config：
2020-07-21 21:10:50,606 [main] INFO  com.my.project.disconf.service.RedisService - Redis host:192.168.1.78  port:6379
2020-07-21 21:10:50,608 [main] INFO  com.my.project.disconf.Starter - XmlUnReload: ${myserver.host=100}
2020-07-21 21:10:50,608 [main] INFO  com.my.project.disconf.service.BaoBaoService - discount: 77.0
2020-07-21 21:10:50,617 [main] INFO  com.my.project.disconf.Starter - ByFile : redis.host : 192.168.1.78
2020-07-21 21:10:50,618 [main] INFO  com.my.project.disconf.Starter - ByFile : redis.port : 6379
2020-07-21 21:10:50,620 [main] INFO  com.my.project.disconf.Starter - ByFileItem: null
2020-07-21 21:10:50,621 [main] INFO  com.my.project.disconf.Starter - byItem: 77.0
2020-07-21 21:11:36,567 [main] INFO  com.baidu.disconf.client.config.ConfigMgr - --------------- LOAD CONFIG START ---------------
2020-07-21 21:11:36,642 [main] INFO  com.baidu.disconf.client.config.ConfigMgr - Finer print: DESKTOP-HDRJ2T7_0_fffdb2de-c308-4973-9f3f-fdc502f33631
2020-07-21 21:11:36,647 [main] INFO  com.baidu.disconf.core.common.utils.ClassLoaderUtil - classpath: D:\Java\workspace\MyDemo\disconf\target\classes
2020-07-21 21:11:36,656 [main] INFO  com.baidu.disconf.client.config.inner.DisInnerConfigHelper - SERVER disconf.conf_server_host: [192.168.1.6:8080]
2020-07-21 21:11:36,656 [main] INFO  com.baidu.disconf.client.config.inner.DisInnerConfigHelper - SERVER disconf.version: 1_0
2020-07-21 21:11:36,656 [main] INFO  com.baidu.disconf.client.config.inner.DisInnerConfigHelper - SERVER disconf.app: demo1
2020-07-21 21:11:36,656 [main] INFO  com.baidu.disconf.client.config.inner.DisInnerConfigHelper - SERVER disconf.env: rd
2020-07-21 21:11:36,656 [main] INFO  com.baidu.disconf.client.config.inner.DisInnerConfigHelper - SERVER disconf.enable.remote.conf: true
2020-07-21 21:11:36,656 [main] INFO  com.baidu.disconf.client.config.inner.DisInnerConfigHelper - SERVER disconf.debug: true
2020-07-21 21:11:36,657 [main] INFO  com.baidu.disconf.client.config.inner.DisInnerConfigHelper - SERVER disconf.user_define_download_dir: ./disconf/download
2020-07-21 21:11:36,657 [main] INFO  com.baidu.disconf.client.config.inner.DisInnerConfigHelper - SERVER disconf.ignore: []
2020-07-21 21:11:36,657 [main] INFO  com.baidu.disconf.client.config.ConfigMgr - --------------- LOAD CONFIG END ---------------
2020-07-21 21:11:36,657 [main] INFO  com.baidu.disconf.client.DisconfMgr - ******************************* DISCONF START FIRST SCAN *******************************
2020-07-21 21:11:36,778 [main] INFO  org.reflections.Reflections - Reflections took 62 ms to scan 1 urls, producing 18 keys and 59 values 
2020-07-21 21:11:37,190 [main] INFO  com.baidu.disconf.core.common.utils.http.HttpClientUtil - execute http request [null], status code [200]
2020-07-21 21:11:37,233 [main] INFO  com.baidu.disconf.core.common.utils.http.HttpClientUtil - execute http request [null], status code [200]
2020-07-21 21:11:37,353 [main-EventThread] INFO  com.baidu.disconf.core.common.zookeeper.inner.ConnectionWatcher - zk SyncConnected
2020-07-21 21:11:37,353 [main] INFO  com.baidu.disconf.core.common.zookeeper.inner.ConnectionWatcher - zookeeper: 192.168.1.6:2181,192.168.1.6:2182,192.168.1.6:2183 , connected.
2020-07-21 21:11:37,353 [main] INFO  com.baidu.disconf.core.common.zookeeper.ZookeeperMgr - zoo prefix: /disconf
2020-07-21 21:11:37,461 [main] INFO  com.baidu.disconf.core.common.utils.http.HttpClientUtil - execute http request [null], status code [200]
2020-07-21 21:11:37,484 [main] INFO  com.baidu.disconf.client.DisconfMgr - ******************************* DISCONF END FIRST SCAN *******************************
2020-07-21 21:11:38,051 [main] INFO  com.my.project.disconf.service.RedisService - Redis host:192.168.1.78  port:6379
2020-07-21 21:11:38,081 [main] INFO  com.baidu.disconf.client.DisconfMgr - ******************************* DISCONF START SECOND SCAN *******************************
2020-07-21 21:11:38,085 [main] INFO  com.baidu.disconf.client.DisconfMgr - Conf File Map: 
disconf-file:	config.properties	
	DisconfCenterFile [
	keyMaps={}
	additionalKeyMaps={zk.host=192.168.1.6, zk.connect.string=${zk.host}:2181,${zk.host}:2182,${zk.host}:2183}
	cls=null
	remoteServerUrl=/api/config/file?version=1_0&app=demo1&env=rd&key=config.properties&type=0]
disconf-file:	redis.properties	
	DisconfCenterFile [
	keyMaps={redis.host=FileItemValue{value=192.168.1.78, field=private java.lang.String com.my.project.disconf.config.RedisConfig.host, setMethod=public void com.my.project.disconf.config.RedisConfig.setHost(java.lang.String)}, redis.port=FileItemValue{value=6379, field=private int com.my.project.disconf.config.RedisConfig.port, setMethod=public void com.my.project.disconf.config.RedisConfig.setPort(int)}}
	additionalKeyMaps={}
	cls=class com.my.project.disconf.config.RedisConfig
	remoteServerUrl=/api/config/file?version=1_0&app=demo1&env=rd&key=redis.properties&type=0]
disconf-file:	myserver.properties	
	DisconfCenterFile [
	keyMaps={}
	additionalKeyMaps={myserver.host=192.168.1.155, myhost=192.168.1.6}
	cls=null
	remoteServerUrl=/api/config/file?version=1_0&app=demo1&env=rd&key=myserver.properties&type=0]

2020-07-21 21:11:38,086 [main] INFO  com.baidu.disconf.client.DisconfMgr - Conf Item Map: 
disItem:	discount	
	DisconfCenterItem [
	value=77.0
	field=private static double com.my.project.disconf.config.Coefficients.discount
	remoteServerUrl=/api/config/item?version=1_0&app=demo1&env=rd&key=discount&type=1]

2020-07-21 21:11:38,086 [main] INFO  com.baidu.disconf.client.DisconfMgr - ******************************* DISCONF END *******************************
2020-07-21 21:11:39,296 [main] INFO  com.my.project.disconf.service.RedisService - Redis Config：
2020-07-21 21:12:09,109 [main] INFO  com.my.project.disconf.service.RedisService - Redis host:192.168.1.78  port:6379
2020-07-21 21:12:09,111 [main] INFO  com.my.project.disconf.Starter - XmlUnReload: ${myserver.host=100}
2020-07-21 21:12:09,112 [main] INFO  com.my.project.disconf.service.BaoBaoService - discount: 77.0
2020-07-21 21:12:09,123 [main] INFO  com.my.project.disconf.Starter - ByFile : redis.host : 192.168.1.78
2020-07-21 21:12:09,125 [main] INFO  com.my.project.disconf.Starter - ByFile : redis.port : 6379
2020-07-21 21:12:09,125 [main] INFO  com.my.project.disconf.Starter - ByFileItem: null
2020-07-21 21:12:09,126 [main] INFO  com.my.project.disconf.Starter - byItem: 77.0
2020-07-21 21:13:47,069 [main] INFO  com.baidu.disconf.client.config.ConfigMgr - --------------- LOAD CONFIG START ---------------
2020-07-21 21:13:47,132 [main] INFO  com.baidu.disconf.client.config.ConfigMgr - Finer print: DESKTOP-HDRJ2T7_0_65c67dc5-cfd7-492b-95bf-eec186ec245a
2020-07-21 21:13:47,135 [main] INFO  com.baidu.disconf.core.common.utils.ClassLoaderUtil - classpath: D:\Java\workspace\MyDemo\disconf\target\classes
2020-07-21 21:13:47,141 [main] INFO  com.baidu.disconf.client.config.inner.DisInnerConfigHelper - SERVER disconf.conf_server_host: [192.168.1.6:8080]
2020-07-21 21:13:47,141 [main] INFO  com.baidu.disconf.client.config.inner.DisInnerConfigHelper - SERVER disconf.version: 1_0
2020-07-21 21:13:47,141 [main] INFO  com.baidu.disconf.client.config.inner.DisInnerConfigHelper - SERVER disconf.app: demo1
2020-07-21 21:13:47,141 [main] INFO  com.baidu.disconf.client.config.inner.DisInnerConfigHelper - SERVER disconf.env: rd
2020-07-21 21:13:47,141 [main] INFO  com.baidu.disconf.client.config.inner.DisInnerConfigHelper - SERVER disconf.enable.remote.conf: true
2020-07-21 21:13:47,141 [main] INFO  com.baidu.disconf.client.config.inner.DisInnerConfigHelper - SERVER disconf.debug: true
2020-07-21 21:13:47,141 [main] INFO  com.baidu.disconf.client.config.inner.DisInnerConfigHelper - SERVER disconf.user_define_download_dir: ./disconf/download
2020-07-21 21:13:47,142 [main] INFO  com.baidu.disconf.client.config.inner.DisInnerConfigHelper - SERVER disconf.ignore: []
2020-07-21 21:13:47,142 [main] INFO  com.baidu.disconf.client.config.ConfigMgr - --------------- LOAD CONFIG END ---------------
2020-07-21 21:13:47,142 [main] INFO  com.baidu.disconf.client.DisconfMgr - ******************************* DISCONF START FIRST SCAN *******************************
2020-07-21 21:13:47,252 [main] INFO  org.reflections.Reflections - Reflections took 63 ms to scan 1 urls, producing 18 keys and 59 values 
2020-07-21 21:13:47,715 [main] INFO  com.baidu.disconf.core.common.utils.http.HttpClientUtil - execute http request [null], status code [200]
2020-07-21 21:13:47,819 [main] INFO  com.baidu.disconf.core.common.utils.http.HttpClientUtil - execute http request [null], status code [200]
2020-07-21 21:13:47,874 [main-EventThread] INFO  com.baidu.disconf.core.common.zookeeper.inner.ConnectionWatcher - zk SyncConnected
2020-07-21 21:13:47,875 [main] INFO  com.baidu.disconf.core.common.zookeeper.inner.ConnectionWatcher - zookeeper: 192.168.1.6:2181,192.168.1.6:2182,192.168.1.6:2183 , connected.
2020-07-21 21:13:47,875 [main] INFO  com.baidu.disconf.core.common.zookeeper.ZookeeperMgr - zoo prefix: /disconf
2020-07-21 21:13:47,992 [main] INFO  com.baidu.disconf.core.common.utils.http.HttpClientUtil - execute http request [null], status code [200]
2020-07-21 21:13:48,013 [main] INFO  com.baidu.disconf.client.DisconfMgr - ******************************* DISCONF END FIRST SCAN *******************************
2020-07-21 21:13:48,559 [main] INFO  com.my.project.disconf.service.RedisService - Redis host:192.168.1.78  port:6379
2020-07-21 21:13:48,588 [main] INFO  com.baidu.disconf.client.DisconfMgr - ******************************* DISCONF START SECOND SCAN *******************************
2020-07-21 21:13:48,592 [main] INFO  com.baidu.disconf.client.DisconfMgr - Conf File Map: 
disconf-file:	config.properties	
	DisconfCenterFile [
	keyMaps={}
	additionalKeyMaps={zk.host=192.168.1.6, zk.connect.string=${zk.host}:2181,${zk.host}:2182,${zk.host}:2183}
	cls=null
	remoteServerUrl=/api/config/file?version=1_0&app=demo1&env=rd&key=config.properties&type=0]
disconf-file:	redis.properties	
	DisconfCenterFile [
	keyMaps={redis.host=FileItemValue{value=192.168.1.78, field=private java.lang.String com.my.project.disconf.config.RedisConfig.host, setMethod=public void com.my.project.disconf.config.RedisConfig.setHost(java.lang.String)}, redis.port=FileItemValue{value=6379, field=private int com.my.project.disconf.config.RedisConfig.port, setMethod=public void com.my.project.disconf.config.RedisConfig.setPort(int)}}
	additionalKeyMaps={}
	cls=class com.my.project.disconf.config.RedisConfig
	remoteServerUrl=/api/config/file?version=1_0&app=demo1&env=rd&key=redis.properties&type=0]
disconf-file:	myserver.properties	
	DisconfCenterFile [
	keyMaps={}
	additionalKeyMaps={myserver.host=192.168.1.155, myhost=192.168.1.6}
	cls=null
	remoteServerUrl=/api/config/file?version=1_0&app=demo1&env=rd&key=myserver.properties&type=0]

2020-07-21 21:13:48,592 [main] INFO  com.baidu.disconf.client.DisconfMgr - Conf Item Map: 
disItem:	discount	
	DisconfCenterItem [
	value=77.0
	field=private static double com.my.project.disconf.config.Coefficients.discount
	remoteServerUrl=/api/config/item?version=1_0&app=demo1&env=rd&key=discount&type=1]

2020-07-21 21:13:48,592 [main] INFO  com.baidu.disconf.client.DisconfMgr - ******************************* DISCONF END *******************************
2020-07-21 21:14:19,531 [main] INFO  com.my.project.disconf.service.RedisService - Redis Config：
2020-07-21 21:14:19,533 [main] INFO  com.my.project.disconf.service.RedisService - Redis host:192.168.1.78  port:6379
2020-07-21 21:14:19,535 [main] INFO  com.my.project.disconf.Starter - XmlUnReload: ${myserver.host=100}
2020-07-21 21:14:19,536 [main] INFO  com.my.project.disconf.service.BaoBaoService - discount: 77.0
2020-07-21 21:14:19,552 [main] INFO  com.my.project.disconf.Starter - ByFile : redis.host : 192.168.1.78
2020-07-21 21:14:19,553 [main] INFO  com.my.project.disconf.Starter - ByFile : redis.port : 6379
2020-07-21 21:14:19,553 [main] INFO  com.my.project.disconf.Starter - ByFileItem: null
2020-07-21 21:14:19,553 [main] INFO  com.my.project.disconf.Starter - byItem: 77.0
2020-07-21 21:14:42,193 [main] INFO  com.baidu.disconf.client.config.ConfigMgr - --------------- LOAD CONFIG START ---------------
2020-07-21 21:14:42,275 [main] INFO  com.baidu.disconf.client.config.ConfigMgr - Finer print: DESKTOP-HDRJ2T7_0_26ba2b23-861e-4f22-9200-b75ff60e0470
2020-07-21 21:14:42,288 [main] INFO  com.baidu.disconf.core.common.utils.ClassLoaderUtil - classpath: D:\Java\workspace\MyDemo\disconf\target\classes
2020-07-21 21:14:42,317 [main] INFO  com.baidu.disconf.client.config.inner.DisInnerConfigHelper - SERVER disconf.conf_server_host: [192.168.1.6:8080]
2020-07-21 21:14:42,318 [main] INFO  com.baidu.disconf.client.config.inner.DisInnerConfigHelper - SERVER disconf.version: 1_0
2020-07-21 21:14:42,318 [main] INFO  com.baidu.disconf.client.config.inner.DisInnerConfigHelper - SERVER disconf.app: demo1
2020-07-21 21:14:42,318 [main] INFO  com.baidu.disconf.client.config.inner.DisInnerConfigHelper - SERVER disconf.env: rd
2020-07-21 21:14:42,318 [main] INFO  com.baidu.disconf.client.config.inner.DisInnerConfigHelper - SERVER disconf.enable.remote.conf: true
2020-07-21 21:14:42,318 [main] INFO  com.baidu.disconf.client.config.inner.DisInnerConfigHelper - SERVER disconf.debug: true
2020-07-21 21:14:42,319 [main] INFO  com.baidu.disconf.client.config.inner.DisInnerConfigHelper - SERVER disconf.user_define_download_dir: ./disconf/download
2020-07-21 21:14:42,319 [main] INFO  com.baidu.disconf.client.config.inner.DisInnerConfigHelper - SERVER disconf.ignore: []
2020-07-21 21:14:42,319 [main] INFO  com.baidu.disconf.client.config.ConfigMgr - --------------- LOAD CONFIG END ---------------
2020-07-21 21:14:42,319 [main] INFO  com.baidu.disconf.client.DisconfMgr - ******************************* DISCONF START FIRST SCAN *******************************
2020-07-21 21:15:20,169 [main] INFO  com.baidu.disconf.client.config.ConfigMgr - --------------- LOAD CONFIG START ---------------
2020-07-21 21:15:20,252 [main] INFO  com.baidu.disconf.client.config.ConfigMgr - Finer print: DESKTOP-HDRJ2T7_0_f1eb6224-f0ae-43d8-bfb7-920ff7ff70e1
2020-07-21 21:15:20,263 [main] INFO  com.baidu.disconf.core.common.utils.ClassLoaderUtil - classpath: D:\Java\workspace\MyDemo\disconf\target\classes
2020-07-21 21:15:20,292 [main] INFO  com.baidu.disconf.client.config.inner.DisInnerConfigHelper - SERVER disconf.conf_server_host: [192.168.1.6:8080]
2020-07-21 21:15:20,292 [main] INFO  com.baidu.disconf.client.config.inner.DisInnerConfigHelper - SERVER disconf.version: 1_0
2020-07-21 21:15:20,292 [main] INFO  com.baidu.disconf.client.config.inner.DisInnerConfigHelper - SERVER disconf.app: demo1
2020-07-21 21:15:20,293 [main] INFO  com.baidu.disconf.client.config.inner.DisInnerConfigHelper - SERVER disconf.env: rd
2020-07-21 21:15:20,293 [main] INFO  com.baidu.disconf.client.config.inner.DisInnerConfigHelper - SERVER disconf.enable.remote.conf: true
2020-07-21 21:15:20,293 [main] INFO  com.baidu.disconf.client.config.inner.DisInnerConfigHelper - SERVER disconf.debug: true
2020-07-21 21:15:20,293 [main] INFO  com.baidu.disconf.client.config.inner.DisInnerConfigHelper - SERVER disconf.user_define_download_dir: ./disconf/download
2020-07-21 21:15:20,293 [main] INFO  com.baidu.disconf.client.config.inner.DisInnerConfigHelper - SERVER disconf.ignore: []
2020-07-21 21:15:20,293 [main] INFO  com.baidu.disconf.client.config.ConfigMgr - --------------- LOAD CONFIG END ---------------
2020-07-21 21:15:20,294 [main] INFO  com.baidu.disconf.client.DisconfMgr - ******************************* DISCONF START FIRST SCAN *******************************
2020-07-21 21:15:20,915 [main] INFO  org.reflections.Reflections - Reflections took 309 ms to scan 1 urls, producing 18 keys and 59 values 
2020-07-21 21:15:23,166 [main] INFO  com.baidu.disconf.core.common.utils.http.HttpClientUtil - execute http request [null], status code [200]
2020-07-21 21:15:23,428 [main] INFO  com.baidu.disconf.core.common.utils.http.HttpClientUtil - execute http request [null], status code [200]
2020-07-21 21:15:23,596 [main-EventThread] INFO  com.baidu.disconf.core.common.zookeeper.inner.ConnectionWatcher - zk SyncConnected
2020-07-21 21:15:23,596 [main] INFO  com.baidu.disconf.core.common.zookeeper.inner.ConnectionWatcher - zookeeper: 192.168.1.6:2181,192.168.1.6:2182,192.168.1.6:2183 , connected.
2020-07-21 21:15:23,596 [main] INFO  com.baidu.disconf.core.common.zookeeper.ZookeeperMgr - zoo prefix: /disconf
2020-07-21 21:15:23,825 [main] INFO  com.baidu.disconf.core.common.utils.http.HttpClientUtil - execute http request [null], status code [200]
2020-07-21 21:15:23,839 [main] INFO  com.baidu.disconf.client.DisconfMgr - ******************************* DISCONF END FIRST SCAN *******************************
2020-07-21 21:15:26,407 [main] INFO  com.my.project.disconf.service.RedisService - Redis host:192.168.1.78  port:6379
2020-07-21 21:15:26,453 [main] INFO  com.baidu.disconf.client.DisconfMgr - ******************************* DISCONF START SECOND SCAN *******************************
2020-07-21 21:15:26,466 [main] INFO  com.baidu.disconf.client.DisconfMgr - Conf File Map: 
disconf-file:	config.properties	
	DisconfCenterFile [
	keyMaps={}
	additionalKeyMaps={zk.host=192.168.1.6, zk.connect.string=${zk.host}:2181,${zk.host}:2182,${zk.host}:2183}
	cls=null
	remoteServerUrl=/api/config/file?version=1_0&app=demo1&env=rd&key=config.properties&type=0]
disconf-file:	redis.properties	
	DisconfCenterFile [
	keyMaps={redis.host=FileItemValue{value=192.168.1.78, field=private java.lang.String com.my.project.disconf.config.RedisConfig.host, setMethod=public void com.my.project.disconf.config.RedisConfig.setHost(java.lang.String)}, redis.port=FileItemValue{value=6379, field=private int com.my.project.disconf.config.RedisConfig.port, setMethod=public void com.my.project.disconf.config.RedisConfig.setPort(int)}}
	additionalKeyMaps={}
	cls=class com.my.project.disconf.config.RedisConfig
	remoteServerUrl=/api/config/file?version=1_0&app=demo1&env=rd&key=redis.properties&type=0]
disconf-file:	myserver.properties	
	DisconfCenterFile [
	keyMaps={}
	additionalKeyMaps={myserver.host=192.168.1.155, myhost=192.168.1.6}
	cls=null
	remoteServerUrl=/api/config/file?version=1_0&app=demo1&env=rd&key=myserver.properties&type=0]

2020-07-21 21:15:26,467 [main] INFO  com.baidu.disconf.client.DisconfMgr - Conf Item Map: 
disItem:	discount	
	DisconfCenterItem [
	value=77.0
	field=private static double com.my.project.disconf.config.Coefficients.discount
	remoteServerUrl=/api/config/item?version=1_0&app=demo1&env=rd&key=discount&type=1]

2020-07-21 21:15:26,467 [main] INFO  com.baidu.disconf.client.DisconfMgr - ******************************* DISCONF END *******************************
2020-07-21 21:16:16,386 [main] INFO  com.baidu.disconf.client.config.ConfigMgr - --------------- LOAD CONFIG START ---------------
2020-07-21 21:16:16,439 [main] INFO  com.baidu.disconf.client.config.ConfigMgr - Finer print: DESKTOP-HDRJ2T7_0_b44411c6-7602-4760-b0be-166d1626c4cf
2020-07-21 21:16:16,443 [main] INFO  com.baidu.disconf.core.common.utils.ClassLoaderUtil - classpath: D:\Java\workspace\MyDemo\disconf\target\classes
2020-07-21 21:16:16,450 [main] INFO  com.baidu.disconf.client.config.inner.DisInnerConfigHelper - SERVER disconf.conf_server_host: [192.168.1.6:8080]
2020-07-21 21:16:16,450 [main] INFO  com.baidu.disconf.client.config.inner.DisInnerConfigHelper - SERVER disconf.version: 1_0
2020-07-21 21:16:16,450 [main] INFO  com.baidu.disconf.client.config.inner.DisInnerConfigHelper - SERVER disconf.app: demo1
2020-07-21 21:16:16,450 [main] INFO  com.baidu.disconf.client.config.inner.DisInnerConfigHelper - SERVER disconf.env: rd
2020-07-21 21:16:16,450 [main] INFO  com.baidu.disconf.client.config.inner.DisInnerConfigHelper - SERVER disconf.enable.remote.conf: true
2020-07-21 21:16:16,450 [main] INFO  com.baidu.disconf.client.config.inner.DisInnerConfigHelper - SERVER disconf.debug: true
2020-07-21 21:16:16,450 [main] INFO  com.baidu.disconf.client.config.inner.DisInnerConfigHelper - SERVER disconf.user_define_download_dir: ./disconf/download
2020-07-21 21:16:16,451 [main] INFO  com.baidu.disconf.client.config.inner.DisInnerConfigHelper - SERVER disconf.ignore: []
2020-07-21 21:16:16,451 [main] INFO  com.baidu.disconf.client.config.ConfigMgr - --------------- LOAD CONFIG END ---------------
2020-07-21 21:16:16,451 [main] INFO  com.baidu.disconf.client.DisconfMgr - ******************************* DISCONF START FIRST SCAN *******************************
2020-07-21 21:16:16,575 [main] INFO  org.reflections.Reflections - Reflections took 76 ms to scan 1 urls, producing 18 keys and 59 values 
2020-07-21 21:16:16,960 [main] INFO  com.baidu.disconf.core.common.utils.http.HttpClientUtil - execute http request [null], status code [200]
2020-07-21 21:16:17,013 [main] INFO  com.baidu.disconf.core.common.utils.http.HttpClientUtil - execute http request [null], status code [200]
2020-07-21 21:16:17,103 [main-EventThread] INFO  com.baidu.disconf.core.common.zookeeper.inner.ConnectionWatcher - zk SyncConnected
2020-07-21 21:16:17,104 [main] INFO  com.baidu.disconf.core.common.zookeeper.inner.ConnectionWatcher - zookeeper: 192.168.1.6:2181,192.168.1.6:2182,192.168.1.6:2183 , connected.
2020-07-21 21:16:17,104 [main] INFO  com.baidu.disconf.core.common.zookeeper.ZookeeperMgr - zoo prefix: /disconf
2020-07-21 21:16:17,218 [main] INFO  com.baidu.disconf.core.common.utils.http.HttpClientUtil - execute http request [null], status code [200]
2020-07-21 21:16:17,241 [main] INFO  com.baidu.disconf.client.DisconfMgr - ******************************* DISCONF END FIRST SCAN *******************************
2020-07-21 21:17:35,675 [main] INFO  com.my.project.disconf.service.RedisService - Redis host:192.168.1.78  port:6379
2020-07-21 21:17:35,738 [main] INFO  com.baidu.disconf.client.DisconfMgr - ******************************* DISCONF START SECOND SCAN *******************************
2020-07-21 21:17:35,755 [main] INFO  com.baidu.disconf.client.DisconfMgr - Conf File Map: 
disconf-file:	config.properties	
	DisconfCenterFile [
	keyMaps={}
	additionalKeyMaps={zk.host=192.168.1.6, zk.connect.string=${zk.host}:2181,${zk.host}:2182,${zk.host}:2183}
	cls=null
	remoteServerUrl=/api/config/file?version=1_0&app=demo1&env=rd&key=config.properties&type=0]
disconf-file:	redis.properties	
	DisconfCenterFile [
	keyMaps={redis.host=FileItemValue{value=192.168.1.78, field=private java.lang.String com.my.project.disconf.config.RedisConfig.host, setMethod=public void com.my.project.disconf.config.RedisConfig.setHost(java.lang.String)}, redis.port=FileItemValue{value=6379, field=private int com.my.project.disconf.config.RedisConfig.port, setMethod=public void com.my.project.disconf.config.RedisConfig.setPort(int)}}
	additionalKeyMaps={}
	cls=class com.my.project.disconf.config.RedisConfig
	remoteServerUrl=/api/config/file?version=1_0&app=demo1&env=rd&key=redis.properties&type=0]
disconf-file:	myserver.properties	
	DisconfCenterFile [
	keyMaps={}
	additionalKeyMaps={myserver.host=192.168.1.155, myhost=192.168.1.6}
	cls=null
	remoteServerUrl=/api/config/file?version=1_0&app=demo1&env=rd&key=myserver.properties&type=0]

2020-07-21 21:17:35,756 [main] INFO  com.baidu.disconf.client.DisconfMgr - Conf Item Map: 
disItem:	discount	
	DisconfCenterItem [
	value=77.0
	field=private static double com.my.project.disconf.config.Coefficients.discount
	remoteServerUrl=/api/config/item?version=1_0&app=demo1&env=rd&key=discount&type=1]

2020-07-21 21:17:35,756 [main] INFO  com.baidu.disconf.client.DisconfMgr - ******************************* DISCONF END *******************************
2020-07-21 21:18:02,984 [main] INFO  com.baidu.disconf.client.config.ConfigMgr - --------------- LOAD CONFIG START ---------------
2020-07-21 21:18:03,055 [main] INFO  com.baidu.disconf.client.config.ConfigMgr - Finer print: DESKTOP-HDRJ2T7_0_df2768f9-57a9-4c01-8eff-f2ae89dc3240
2020-07-21 21:18:03,070 [main] INFO  com.baidu.disconf.core.common.utils.ClassLoaderUtil - classpath: D:\Java\workspace\MyDemo\disconf\target\classes
2020-07-21 21:18:03,080 [main] INFO  com.baidu.disconf.client.config.inner.DisInnerConfigHelper - SERVER disconf.conf_server_host: [192.168.1.6:8080]
2020-07-21 21:18:03,080 [main] INFO  com.baidu.disconf.client.config.inner.DisInnerConfigHelper - SERVER disconf.version: 1_0
2020-07-21 21:18:03,080 [main] INFO  com.baidu.disconf.client.config.inner.DisInnerConfigHelper - SERVER disconf.app: demo1
2020-07-21 21:18:03,080 [main] INFO  com.baidu.disconf.client.config.inner.DisInnerConfigHelper - SERVER disconf.env: rd
2020-07-21 21:18:03,080 [main] INFO  com.baidu.disconf.client.config.inner.DisInnerConfigHelper - SERVER disconf.enable.remote.conf: true
2020-07-21 21:18:03,080 [main] INFO  com.baidu.disconf.client.config.inner.DisInnerConfigHelper - SERVER disconf.debug: true
2020-07-21 21:18:03,080 [main] INFO  com.baidu.disconf.client.config.inner.DisInnerConfigHelper - SERVER disconf.user_define_download_dir: ./disconf/download
2020-07-21 21:18:03,080 [main] INFO  com.baidu.disconf.client.config.inner.DisInnerConfigHelper - SERVER disconf.ignore: []
2020-07-21 21:18:03,081 [main] INFO  com.baidu.disconf.client.config.ConfigMgr - --------------- LOAD CONFIG END ---------------
2020-07-21 21:18:03,081 [main] INFO  com.baidu.disconf.client.DisconfMgr - ******************************* DISCONF START FIRST SCAN *******************************
2020-07-21 21:18:03,220 [main] INFO  org.reflections.Reflections - Reflections took 56 ms to scan 1 urls, producing 18 keys and 59 values 
2020-07-21 21:18:03,735 [main] INFO  com.baidu.disconf.core.common.utils.http.HttpClientUtil - execute http request [null], status code [200]
2020-07-21 21:18:03,783 [main] INFO  com.baidu.disconf.core.common.utils.http.HttpClientUtil - execute http request [null], status code [200]
2020-07-21 21:18:03,863 [main-EventThread] INFO  com.baidu.disconf.core.common.zookeeper.inner.ConnectionWatcher - zk SyncConnected
2020-07-21 21:18:03,863 [main] INFO  com.baidu.disconf.core.common.zookeeper.inner.ConnectionWatcher - zookeeper: 192.168.1.6:2181,192.168.1.6:2182,192.168.1.6:2183 , connected.
2020-07-21 21:18:03,863 [main] INFO  com.baidu.disconf.core.common.zookeeper.ZookeeperMgr - zoo prefix: /disconf
2020-07-21 21:18:04,020 [main] INFO  com.baidu.disconf.core.common.utils.http.HttpClientUtil - execute http request [null], status code [200]
2020-07-21 21:18:04,037 [main] INFO  com.baidu.disconf.client.DisconfMgr - ******************************* DISCONF END FIRST SCAN *******************************
2020-07-21 21:22:41,086 [main] INFO  com.baidu.disconf.client.config.ConfigMgr - --------------- LOAD CONFIG START ---------------
2020-07-21 21:22:41,410 [main] INFO  com.baidu.disconf.client.config.ConfigMgr - Finer print: DESKTOP-HDRJ2T7_0_66ad6058-667c-4a6d-a4e9-90eb7124bbcb
2020-07-21 21:22:41,495 [main] INFO  com.baidu.disconf.core.common.utils.ClassLoaderUtil - classpath: D:\Java\workspace\MyDemo\disconf\target\classes
2020-07-21 21:22:41,717 [main] INFO  com.baidu.disconf.client.config.inner.DisInnerConfigHelper - SERVER disconf.conf_server_host: [192.168.1.6:8080]
2020-07-21 21:22:41,719 [main] INFO  com.baidu.disconf.client.config.inner.DisInnerConfigHelper - SERVER disconf.version: 1_0
2020-07-21 21:22:41,722 [main] INFO  com.baidu.disconf.client.config.inner.DisInnerConfigHelper - SERVER disconf.app: demo1
2020-07-21 21:22:41,725 [main] INFO  com.baidu.disconf.client.config.inner.DisInnerConfigHelper - SERVER disconf.env: rd
2020-07-21 21:22:41,727 [main] INFO  com.baidu.disconf.client.config.inner.DisInnerConfigHelper - SERVER disconf.enable.remote.conf: true
2020-07-21 21:22:41,730 [main] INFO  com.baidu.disconf.client.config.inner.DisInnerConfigHelper - SERVER disconf.debug: true
2020-07-21 21:22:41,733 [main] INFO  com.baidu.disconf.client.config.inner.DisInnerConfigHelper - SERVER disconf.user_define_download_dir: ./disconf/download
2020-07-21 21:22:41,735 [main] INFO  com.baidu.disconf.client.config.inner.DisInnerConfigHelper - SERVER disconf.ignore: []
2020-07-21 21:22:41,738 [main] INFO  com.baidu.disconf.client.config.ConfigMgr - --------------- LOAD CONFIG END ---------------
2020-07-21 21:22:46,965 [main] INFO  com.baidu.disconf.client.DisconfMgr - ******************************* DISCONF START FIRST SCAN *******************************
2020-07-21 21:22:52,511 [main] INFO  org.reflections.Reflections - Reflections took 2204 ms to scan 1 urls, producing 18 keys and 59 values 
2020-07-21 21:23:06,201 [main] INFO  com.baidu.disconf.core.common.utils.http.HttpClientUtil - execute http request [null], status code [200]
2020-07-21 21:23:06,466 [main] INFO  com.baidu.disconf.core.common.utils.http.HttpClientUtil - execute http request [null], status code [200]
2020-07-21 21:23:06,635 [main-EventThread] INFO  com.baidu.disconf.core.common.zookeeper.inner.ConnectionWatcher - zk SyncConnected
2020-07-21 21:23:06,635 [main] INFO  com.baidu.disconf.core.common.zookeeper.inner.ConnectionWatcher - zookeeper: 192.168.1.6:2181,192.168.1.6:2182,192.168.1.6:2183 , connected.
2020-07-21 21:23:06,635 [main] INFO  com.baidu.disconf.core.common.zookeeper.ZookeeperMgr - zoo prefix: /disconf
2020-07-21 21:23:06,876 [main] INFO  com.baidu.disconf.core.common.utils.http.HttpClientUtil - execute http request [null], status code [200]
2020-07-21 21:23:06,896 [main] INFO  com.baidu.disconf.client.DisconfMgr - ******************************* DISCONF END FIRST SCAN *******************************
2020-07-21 21:32:27,581 [main] INFO  com.my.project.disconf.service.RedisService - Redis host:192.168.1.78  port:6379
2020-07-21 21:32:27,600 [main] INFO  com.baidu.disconf.client.DisconfMgr - ******************************* DISCONF START SECOND SCAN *******************************
2020-07-21 21:32:27,603 [main] INFO  com.baidu.disconf.client.DisconfMgr - Conf File Map: 
disconf-file:	config.properties	
	DisconfCenterFile [
	keyMaps={}
	additionalKeyMaps={zk.host=192.168.1.6, zk.connect.string=${zk.host}:2181,${zk.host}:2182,${zk.host}:2183}
	cls=null
	remoteServerUrl=/api/config/file?version=1_0&app=demo1&env=rd&key=config.properties&type=0]
disconf-file:	redis.properties	
	DisconfCenterFile [
	keyMaps={redis.host=FileItemValue{value=192.168.1.78, field=private java.lang.String com.my.project.disconf.config.RedisConfig.host, setMethod=public void com.my.project.disconf.config.RedisConfig.setHost(java.lang.String)}, redis.port=FileItemValue{value=6379, field=private int com.my.project.disconf.config.RedisConfig.port, setMethod=public void com.my.project.disconf.config.RedisConfig.setPort(int)}}
	additionalKeyMaps={}
	cls=class com.my.project.disconf.config.RedisConfig
	remoteServerUrl=/api/config/file?version=1_0&app=demo1&env=rd&key=redis.properties&type=0]
disconf-file:	myserver.properties	
	DisconfCenterFile [
	keyMaps={}
	additionalKeyMaps={myserver.host=192.168.1.155, myhost=192.168.1.6}
	cls=null
	remoteServerUrl=/api/config/file?version=1_0&app=demo1&env=rd&key=myserver.properties&type=0]

2020-07-21 21:32:27,604 [main] INFO  com.baidu.disconf.client.DisconfMgr - Conf Item Map: 
disItem:	discount	
	DisconfCenterItem [
	value=77.0
	field=private static double com.my.project.disconf.config.Coefficients.discount
	remoteServerUrl=/api/config/item?version=1_0&app=demo1&env=rd&key=discount&type=1]

2020-07-21 21:32:27,604 [main] INFO  com.baidu.disconf.client.DisconfMgr - ******************************* DISCONF END *******************************
2020-07-21 21:32:27,612 [main] INFO  com.my.project.disconf.service.RedisService - Redis Config：
2020-07-21 21:32:27,613 [main] INFO  com.my.project.disconf.service.RedisService - Redis host:192.168.1.78  port:6379
2020-07-21 21:32:27,615 [main] INFO  com.my.project.disconf.Starter - XmlUnReload: ${myserver.host=100}
2020-07-21 21:32:27,616 [main] INFO  com.my.project.disconf.service.BaoBaoService - discount: 77.0
2020-07-21 21:32:27,629 [main] INFO  com.my.project.disconf.Starter - ByFile : redis.host : 192.168.1.78
2020-07-21 21:32:27,629 [main] INFO  com.my.project.disconf.Starter - ByFile : redis.port : 6379
2020-07-21 21:32:27,629 [main] INFO  com.my.project.disconf.Starter - ByFileItem: null
2020-07-21 21:32:27,629 [main] INFO  com.my.project.disconf.Starter - byItem: 77.0
2020-07-21 21:57:56,237 [main-EventThread] WARN  com.baidu.disconf.core.common.zookeeper.inner.ConnectionWatcher - zk Disconnected
2020-07-21 21:57:56,243 [main-EventThread] WARN  com.baidu.disconf.core.common.zookeeper.inner.ConnectionWatcher - zk Disconnected
2020-07-21 21:57:56,248 [main-EventThread] WARN  com.baidu.disconf.core.common.zookeeper.inner.ConnectionWatcher - zk Disconnected
2020-07-21 21:58:00,134 [main-EventThread] INFO  com.baidu.disconf.core.common.zookeeper.inner.ConnectionWatcher - zk SyncConnected
2020-07-21 21:58:00,658 [main-EventThread] INFO  com.baidu.disconf.core.common.zookeeper.inner.ConnectionWatcher - zk SyncConnected
2020-07-21 21:58:00,875 [main-EventThread] INFO  com.baidu.disconf.core.common.zookeeper.inner.ConnectionWatcher - zk SyncConnected
